#
# There is insufficient memory for the Java Runtime Environment to continue.
# Native memory allocation (malloc) failed to allocate 933296 bytes for Chunk::new
# Possible reasons:
#   The system is out of physical RAM or swap space
#   The process is running with CompressedOops enabled, and the Java Heap may be blocking the growth of the native heap
# Possible solutions:
#   Reduce memory load on the system
#   Increase physical memory or swap space
#   Check if swap backing store is full
#   Decrease Java heap size (-Xmx/-Xms)
#   Decrease number of Java threads
#   Decrease Java thread stack sizes (-Xss)
#   Set larger code cache with -XX:ReservedCodeCacheSize=
#   JVM is running with Zero Based Compressed Oops mode in which the Java heap is
#     placed in the first 32GB address space. The Java Heap base address is the
#     maximum limit for the native heap growth. Please use -XX:HeapBaseMinAddress
#     to set the Java Heap base and to place the Java Heap above 32GB virtual address.
# This output file may be truncated or incomplete.
#
#  Out of Memory Error (arena.cpp:189), pid=20736, tid=30552
#
# JRE version: OpenJDK Runtime Environment (17.0.7) (build 17.0.7+0-b2043.56-10550314)
# Java VM: OpenJDK 64-Bit Server VM (17.0.7+0-b2043.56-10550314, mixed mode, tiered, compressed oops, compressed class ptrs, g1 gc, windows-amd64)
# No core dump will be written. Minidumps are not enabled by default on client versions of Windows
#

---------------  S U M M A R Y ------------

Command Line: org.jetbrains.kotlin.cli.jvm.K2JVMCompiler @D:\Coding\1- Projects\RutesCompartides\RutesCompartides\app\build\20240328_13098671349431242730.compiler.options

Host: AMD Ryzen 7 3700X 8-Core Processor             , 16 cores, 15G,  Windows 10 , 64 bit Build 19041 (10.0.19041.1348)
Time: Thu Mar 28 19:25:49 2024 Hora estándar romance elapsed time: 12.014481 seconds (0d 0h 0m 12s)

---------------  T H R E A D  ---------------

Current thread (0x000001c95f31b440):  JavaThread "C2 CompilerThread0" daemon [_thread_in_native, id=30552, stack(0x000000a649e00000,0x000000a649f00000)]


Current CompileTask:
C2:  12014 18877       4       org.jetbrains.kotlin.com.intellij.lang.impl.PsiBuilderImpl::insertLeaves (88 bytes)

Stack: [0x000000a649e00000,0x000000a649f00000]
Native frames: (J=compiled Java code, j=interpreted, Vv=VM code, C=native code)
V  [jvm.dll+0x683bfa]
V  [jvm.dll+0x8430a4]
V  [jvm.dll+0x8449be]
V  [jvm.dll+0x845023]
V  [jvm.dll+0x24ad2f]
V  [jvm.dll+0xac25c]
V  [jvm.dll+0xac82c]
V  [jvm.dll+0x2b218f]
V  [jvm.dll+0x58c2f7]
V  [jvm.dll+0x225a12]
V  [jvm.dll+0x225def]
V  [jvm.dll+0x21f0b5]
V  [jvm.dll+0x21c56b]
V  [jvm.dll+0x1a605d]
V  [jvm.dll+0x22c148]
V  [jvm.dll+0x22a209]
V  [jvm.dll+0x7f858c]
V  [jvm.dll+0x7f2aea]
V  [jvm.dll+0x682a35]
C  [ucrtbase.dll+0x21bb2]
C  [KERNEL32.DLL+0x17034]
C  [ntdll.dll+0x52651]


---------------  P R O C E S S  ---------------

Threads class SMR info:
_java_thread_list=0x000001c9672d2ba0, length=16, elements={
0x000001c95f2d1260, 0x000001c95f2d20d0, 0x000001c95f2fe910, 0x000001c95f2ff4c0,
0x000001c95f302da0, 0x000001c95f31a020, 0x000001c95f31b440, 0x000001c95f327810,
0x000001c95f327e10, 0x000001c95f467a20, 0x000001c95f47b910, 0x000001c95f4a6020,
0x000001c95f483670, 0x000001c95f83dc40, 0x000001c95f9cd7b0, 0x000001c966fddd60
}

Java Threads: ( => current thread )
  0x000001c95f2d1260 JavaThread "Reference Handler" daemon [_thread_blocked, id=13048, stack(0x000000a649800000,0x000000a649900000)]
  0x000001c95f2d20d0 JavaThread "Finalizer" daemon [_thread_blocked, id=1772, stack(0x000000a649900000,0x000000a649a00000)]
  0x000001c95f2fe910 JavaThread "Signal Dispatcher" daemon [_thread_blocked, id=30688, stack(0x000000a649a00000,0x000000a649b00000)]
  0x000001c95f2ff4c0 JavaThread "Attach Listener" daemon [_thread_blocked, id=25724, stack(0x000000a649b00000,0x000000a649c00000)]
  0x000001c95f302da0 JavaThread "Service Thread" daemon [_thread_blocked, id=7964, stack(0x000000a649c00000,0x000000a649d00000)]
  0x000001c95f31a020 JavaThread "Monitor Deflation Thread" daemon [_thread_blocked, id=10432, stack(0x000000a649d00000,0x000000a649e00000)]
=>0x000001c95f31b440 JavaThread "C2 CompilerThread0" daemon [_thread_in_native, id=30552, stack(0x000000a649e00000,0x000000a649f00000)]
  0x000001c95f327810 JavaThread "C1 CompilerThread0" daemon [_thread_blocked, id=21672, stack(0x000000a649f00000,0x000000a64a000000)]
  0x000001c95f327e10 JavaThread "Sweeper thread" daemon [_thread_blocked, id=26464, stack(0x000000a64a000000,0x000000a64a100000)]
  0x000001c95f467a20 JavaThread "C1 CompilerThread1" daemon [_thread_blocked, id=20244, stack(0x000000a64a100000,0x000000a64a200000)]
  0x000001c95f47b910 JavaThread "Notification Thread" daemon [_thread_blocked, id=1468, stack(0x000000a64a200000,0x000000a64a300000)]
  0x000001c95f4a6020 JavaThread "Common-Cleaner" daemon [_thread_blocked, id=20988, stack(0x000000a64a400000,0x000000a64a500000)]
  0x000001c95f483670 JavaThread "C2 CompilerThread1" daemon [_thread_blocked, id=29356, stack(0x000000a64a500000,0x000000a64a600000)]
  0x000001c95f83dc40 JavaThread "C1 CompilerThread2" daemon [_thread_blocked, id=4104, stack(0x000000a64a600000,0x000000a64a700000)]
  0x000001c95f9cd7b0 JavaThread "C1 CompilerThread3" daemon [_thread_blocked, id=9256, stack(0x000000a64a700000,0x000000a64a800000)]
  0x000001c966fddd60 JavaThread "DestroyJavaVM" [_thread_blocked, id=2172, stack(0x000000a649100000,0x000000a649200000)]

Other Threads:
  0x000001c95f12ebc0 VMThread "VM Thread" [stack: 0x000000a649700000,0x000000a649800000] [id=6560]
  0x000001c93fbf86c0 GCTaskThread "GC Thread#0" [stack: 0x000000a649200000,0x000000a649300000] [id=20704]
  0x000001c95fa62060 GCTaskThread "GC Thread#1" [stack: 0x000000a64a800000,0x000000a64a900000] [id=19140]
  0x000001c95fb0e0d0 GCTaskThread "GC Thread#2" [stack: 0x000000a64a900000,0x000000a64aa00000] [id=11224]
  0x000001c95fb0e380 GCTaskThread "GC Thread#3" [stack: 0x000000a64aa00000,0x000000a64ab00000] [id=30092]
  0x000001c95fad1d70 GCTaskThread "GC Thread#4" [stack: 0x000000a64ab00000,0x000000a64ac00000] [id=23320]
  0x000001c95fb41660 GCTaskThread "GC Thread#5" [stack: 0x000000a64ac00000,0x000000a64ad00000] [id=27668]
  0x000001c96432a710 GCTaskThread "GC Thread#6" [stack: 0x000000a64ae00000,0x000000a64af00000] [id=14320]
  0x000001c9643299a0 GCTaskThread "GC Thread#7" [stack: 0x000000a64af00000,0x000000a64b000000] [id=18172]
  0x000001c96432a1b0 GCTaskThread "GC Thread#8" [stack: 0x000000a64b000000,0x000000a64b100000] [id=21680]
  0x000001c964329f00 GCTaskThread "GC Thread#9" [stack: 0x000000a64b100000,0x000000a64b200000] [id=22120]
  0x000001c964329440 GCTaskThread "GC Thread#10" [stack: 0x000000a64b400000,0x000000a64b500000] [id=22888]
  0x000001c964a44030 GCTaskThread "GC Thread#11" [stack: 0x000000a64b500000,0x000000a64b600000] [id=7268]
  0x000001c964a42d60 GCTaskThread "GC Thread#12" [stack: 0x000000a64b600000,0x000000a64b700000] [id=27548]
  0x000001c93fc09540 ConcurrentGCThread "G1 Main Marker" [stack: 0x000000a649300000,0x000000a649400000] [id=28456]
  0x000001c93fc09f50 ConcurrentGCThread "G1 Conc#0" [stack: 0x000000a649400000,0x000000a649500000] [id=10956]
  0x000001c96432a460 ConcurrentGCThread "G1 Conc#1" [stack: 0x000000a64b200000,0x000000a64b300000] [id=10148]
  0x000001c964329190 ConcurrentGCThread "G1 Conc#2" [stack: 0x000000a64b300000,0x000000a64b400000] [id=9716]
  0x000001c93fc5dbe0 ConcurrentGCThread "G1 Refine#0" terminated
  0x000001c9651a7e60 ConcurrentGCThread "G1 Refine#1" terminated
  0x000001c9651a6760 ConcurrentGCThread "G1 Refine#2" terminated
  0x000001c9651a6480 ConcurrentGCThread "G1 Refine#3" terminated
  0x000001c93fc5e600 ConcurrentGCThread "G1 Service" terminated

Threads with active compile tasks:
C2 CompilerThread0    12065 18877       4       org.jetbrains.kotlin.com.intellij.lang.impl.PsiBuilderImpl::insertLeaves (88 bytes)
C2 CompilerThread1    12065 18886       4       org.jetbrains.kotlin.parsing.AbstractKotlinParsing::atSet (113 bytes)

VM state: at safepoint (normal execution)

VM Mutex/Monitor currently owned by a thread:  ([mutex/lock_event])
[0x000001c93fb72c40] Threads_lock - owner thread: 0x000001c95f12ebc0
[0x000001c93fb72fa0] Heap_lock - owner thread: 0x000001c93fc09540

Heap address: 0x0000000700c00000, size: 4084 MB, Compressed Oops mode: Zero based, Oop shift amount: 3

CDS archive(s) not mapped
Compressed class space mapped at: 0x0000000800000000-0x0000000840000000, reserved size: 1073741824
Narrow klass base: 0x0000000800000000, Narrow klass shift: 0, Narrow klass range: 0x40000000

GC Precious Log:
 CPUs: 16 total, 16 available
 Memory: 16334M
 Large Page Support: Disabled
 NUMA Support: Disabled
 Compressed Oops: Enabled (Zero based)
 Heap Region Size: 2M
 Heap Min Capacity: 8M
 Heap Initial Capacity: 256M
 Heap Max Capacity: 4084M
 Pre-touch: Disabled
 Parallel Workers: 13
 Concurrent Workers: 3
 Concurrent Refinement Workers: 13
 Periodic GC: Disabled

Heap:
 garbage-first heap   total 249856K, used 148693K [0x0000000700c00000, 0x0000000800000000)
  region size 2048K, 6 young (12288K), 4 survivors (8192K)
 Metaspace       used 90372K, committed 90688K, reserved 1179648K
  class space    used 9671K, committed 9856K, reserved 1048576K

Heap Regions: E=young(eden), S=young(survivor), O=old, HS=humongous(starts), HC=humongous(continues), CS=collection set, F=free, OA=open archive, CA=closed archive, TAMS=top-at-mark-start (previous, next)
|   0|0x0000000700c00000, 0x0000000700e00000, 0x0000000700e00000|100%|HS|  |TAMS 0x0000000700e00000, 0x0000000700c00000| Complete 
|   1|0x0000000700e00000, 0x0000000701000000, 0x0000000701000000|100%|HC|  |TAMS 0x0000000701000000, 0x0000000700e00000| Complete 
|   2|0x0000000701000000, 0x0000000701200000, 0x0000000701200000|100%| O|  |TAMS 0x0000000701200000, 0x0000000701000000| Untracked 
|   3|0x0000000701200000, 0x0000000701400000, 0x0000000701400000|100%|HS|  |TAMS 0x0000000701400000, 0x0000000701200000| Complete 
|   4|0x0000000701400000, 0x0000000701600000, 0x0000000701600000|100%| O|  |TAMS 0x0000000701600000, 0x0000000701400000| Untracked 
|   5|0x0000000701600000, 0x0000000701800000, 0x0000000701800000|100%| O|  |TAMS 0x0000000701800000, 0x0000000701600000| Untracked 
|   6|0x0000000701800000, 0x0000000701a00000, 0x0000000701a00000|100%| O|  |TAMS 0x0000000701a00000, 0x0000000701800000| Untracked 
|   7|0x0000000701a00000, 0x0000000701c00000, 0x0000000701c00000|100%| O|  |TAMS 0x0000000701c00000, 0x0000000701a00000| Untracked 
|   8|0x0000000701c00000, 0x0000000701e00000, 0x0000000701e00000|100%| O|  |TAMS 0x0000000701e00000, 0x0000000701c00000| Untracked 
|   9|0x0000000701e00000, 0x0000000702000000, 0x0000000702000000|100%| O|  |TAMS 0x0000000702000000, 0x0000000701e00000| Updating 
|  10|0x0000000702000000, 0x0000000702200000, 0x0000000702200000|100%| O|  |TAMS 0x0000000702200000, 0x0000000702000000| Untracked 
|  11|0x0000000702200000, 0x0000000702400000, 0x0000000702400000|100%| O|  |TAMS 0x0000000702400000, 0x0000000702200000| Untracked 
|  12|0x0000000702400000, 0x0000000702600000, 0x0000000702600000|100%| O|  |TAMS 0x0000000702600000, 0x0000000702400000| Untracked 
|  13|0x0000000702600000, 0x0000000702800000, 0x0000000702800000|100%| O|  |TAMS 0x0000000702800000, 0x0000000702600000| Untracked 
|  14|0x0000000702800000, 0x0000000702a00000, 0x0000000702a00000|100%| O|  |TAMS 0x0000000702a00000, 0x0000000702800000| Untracked 
|  15|0x0000000702a00000, 0x0000000702c00000, 0x0000000702c00000|100%| O|  |TAMS 0x0000000702c00000, 0x0000000702a00000| Untracked 
|  16|0x0000000702c00000, 0x0000000702e00000, 0x0000000702e00000|100%| O|  |TAMS 0x0000000702e00000, 0x0000000702c00000| Untracked 
|  17|0x0000000702e00000, 0x0000000703000000, 0x0000000703000000|100%| O|  |TAMS 0x0000000703000000, 0x0000000702e00000| Updating 
|  18|0x0000000703000000, 0x0000000703200000, 0x0000000703200000|100%| O|  |TAMS 0x0000000703200000, 0x0000000703000000| Untracked 
|  19|0x0000000703200000, 0x0000000703400000, 0x0000000703400000|100%| O|  |TAMS 0x0000000703400000, 0x0000000703200000| Updating 
|  20|0x0000000703400000, 0x0000000703600000, 0x0000000703600000|100%| O|  |TAMS 0x0000000703600000, 0x0000000703400000| Untracked 
|  21|0x0000000703600000, 0x0000000703800000, 0x0000000703800000|100%| O|  |TAMS 0x0000000703800000, 0x0000000703600000| Updating 
|  22|0x0000000703800000, 0x0000000703a00000, 0x0000000703a00000|100%| O|  |TAMS 0x0000000703a00000, 0x0000000703800000| Untracked 
|  23|0x0000000703a00000, 0x0000000703c00000, 0x0000000703c00000|100%| O|  |TAMS 0x0000000703c00000, 0x0000000703a00000| Updating 
|  24|0x0000000703c00000, 0x0000000703e00000, 0x0000000703e00000|100%| O|  |TAMS 0x0000000703e00000, 0x0000000703c00000| Untracked 
|  25|0x0000000703e00000, 0x0000000704000000, 0x0000000704000000|100%| O|  |TAMS 0x0000000704000000, 0x0000000703e00000| Untracked 
|  26|0x0000000704000000, 0x0000000704200000, 0x0000000704200000|100%| O|  |TAMS 0x0000000704200000, 0x0000000704000000| Updating 
|  27|0x0000000704200000, 0x0000000704400000, 0x0000000704400000|100%| O|  |TAMS 0x0000000704400000, 0x0000000704200000| Untracked 
|  28|0x0000000704400000, 0x0000000704600000, 0x0000000704600000|100%| O|  |TAMS 0x0000000704600000, 0x0000000704400000| Untracked 
|  29|0x0000000704600000, 0x0000000704800000, 0x0000000704800000|100%| O|  |TAMS 0x0000000704800000, 0x0000000704600000| Untracked 
|  30|0x0000000704800000, 0x0000000704a00000, 0x0000000704a00000|100%| O|  |TAMS 0x0000000704a00000, 0x0000000704800000| Untracked 
|  31|0x0000000704a00000, 0x0000000704c00000, 0x0000000704c00000|100%| O|  |TAMS 0x0000000704c00000, 0x0000000704a00000| Updating 
|  32|0x0000000704c00000, 0x0000000704e00000, 0x0000000704e00000|100%| O|  |TAMS 0x0000000704e00000, 0x0000000704c00000| Untracked 
|  33|0x0000000704e00000, 0x0000000705000000, 0x0000000705000000|100%| O|  |TAMS 0x0000000705000000, 0x0000000704e00000| Updating 
|  34|0x0000000705000000, 0x0000000705200000, 0x0000000705200000|100%| O|  |TAMS 0x0000000705200000, 0x0000000705000000| Untracked 
|  35|0x0000000705200000, 0x0000000705400000, 0x0000000705400000|100%| O|  |TAMS 0x0000000705400000, 0x0000000705200000| Untracked 
|  36|0x0000000705400000, 0x0000000705600000, 0x0000000705600000|100%| O|  |TAMS 0x0000000705600000, 0x0000000705400000| Untracked 
|  37|0x0000000705600000, 0x0000000705800000, 0x0000000705800000|100%| O|  |TAMS 0x0000000705800000, 0x0000000705600000| Untracked 
|  38|0x0000000705800000, 0x0000000705a00000, 0x0000000705a00000|100%| O|  |TAMS 0x0000000705a00000, 0x0000000705800000| Untracked 
|  39|0x0000000705a00000, 0x0000000705c00000, 0x0000000705c00000|100%| O|  |TAMS 0x0000000705c00000, 0x0000000705a00000| Untracked 
|  40|0x0000000705c00000, 0x0000000705e00000, 0x0000000705e00000|100%| O|  |TAMS 0x0000000705e00000, 0x0000000705c00000| Untracked 
|  41|0x0000000705e00000, 0x0000000706000000, 0x0000000706000000|100%|HS|  |TAMS 0x0000000706000000, 0x0000000705e00000| Complete 
|  42|0x0000000706000000, 0x0000000706200000, 0x0000000706200000|100%| O|  |TAMS 0x0000000706200000, 0x0000000706000000| Updating 
|  43|0x0000000706200000, 0x0000000706400000, 0x0000000706400000|100%| O|  |TAMS 0x0000000706400000, 0x0000000706200000| Untracked 
|  44|0x0000000706400000, 0x0000000706600000, 0x0000000706600000|100%| O|  |TAMS 0x0000000706600000, 0x0000000706400000| Untracked 
|  45|0x0000000706600000, 0x0000000706800000, 0x0000000706800000|100%| O|  |TAMS 0x0000000706800000, 0x0000000706600000| Untracked 
|  46|0x0000000706800000, 0x0000000706a00000, 0x0000000706a00000|100%| O|  |TAMS 0x0000000706a00000, 0x0000000706800000| Updating 
|  47|0x0000000706a00000, 0x0000000706c00000, 0x0000000706c00000|100%| O|  |TAMS 0x0000000706c00000, 0x0000000706a00000| Untracked 
|  48|0x0000000706c00000, 0x0000000706e00000, 0x0000000706e00000|100%| O|  |TAMS 0x0000000706e00000, 0x0000000706c00000| Untracked 
|  49|0x0000000706e00000, 0x0000000707000000, 0x0000000707000000|100%| O|  |TAMS 0x0000000707000000, 0x0000000706e00000| Untracked 
|  50|0x0000000707000000, 0x0000000707200000, 0x0000000707200000|100%| O|  |TAMS 0x0000000707200000, 0x0000000707000000| Updating 
|  51|0x0000000707200000, 0x0000000707400000, 0x0000000707400000|100%| O|  |TAMS 0x0000000707400000, 0x0000000707200000| Untracked 
|  52|0x0000000707400000, 0x0000000707600000, 0x0000000707600000|100%| O|  |TAMS 0x0000000707600000, 0x0000000707400000| Updating 
|  53|0x0000000707600000, 0x0000000707800000, 0x0000000707800000|100%| O|  |TAMS 0x0000000707800000, 0x0000000707600000| Untracked 
|  54|0x0000000707800000, 0x0000000707a00000, 0x0000000707a00000|100%| O|  |TAMS 0x0000000707a00000, 0x0000000707800000| Untracked 
|  55|0x0000000707a00000, 0x0000000707c00000, 0x0000000707c00000|100%| O|  |TAMS 0x0000000707c00000, 0x0000000707a00000| Untracked 
|  56|0x0000000707c00000, 0x0000000707c00000, 0x0000000707e00000|  0%| F|  |TAMS 0x0000000707c00000, 0x0000000707c00000| Untracked 
|  57|0x0000000707e00000, 0x0000000708000000, 0x0000000708000000|100%| O|  |TAMS 0x0000000708000000, 0x0000000707e00000| Untracked 
|  58|0x0000000708000000, 0x0000000708200000, 0x0000000708200000|100%| O|  |TAMS 0x0000000708200000, 0x0000000708000000| Untracked 
|  59|0x0000000708200000, 0x0000000708400000, 0x0000000708400000|100%| O|  |TAMS 0x0000000708400000, 0x0000000708200000| Untracked 
|  60|0x0000000708400000, 0x0000000708600000, 0x0000000708600000|100%| O|  |TAMS 0x0000000708600000, 0x0000000708400000| Untracked 
|  61|0x0000000708600000, 0x0000000708800000, 0x0000000708800000|100%| O|  |TAMS 0x0000000708800000, 0x0000000708600000| Untracked 
|  62|0x0000000708800000, 0x0000000708a00000, 0x0000000708a00000|100%| O|  |TAMS 0x0000000708a00000, 0x0000000708800000| Untracked 
|  63|0x0000000708a00000, 0x0000000708c00000, 0x0000000708c00000|100%| O|  |TAMS 0x0000000708c00000, 0x0000000708a00000| Untracked 
|  64|0x0000000708c00000, 0x0000000708e00000, 0x0000000708e00000|100%| O|  |TAMS 0x0000000708e00000, 0x0000000708c00000| Updating 
|  65|0x0000000708e00000, 0x0000000709000000, 0x0000000709000000|100%| O|  |TAMS 0x0000000709000000, 0x0000000708e00000| Untracked 
|  66|0x0000000709000000, 0x0000000709200000, 0x0000000709200000|100%| O|  |TAMS 0x0000000709200000, 0x0000000709000000| Untracked 
|  67|0x0000000709200000, 0x0000000709400000, 0x0000000709400000|100%| O|  |TAMS 0x0000000709400000, 0x0000000709200000| Untracked 
|  68|0x0000000709400000, 0x0000000709600000, 0x0000000709600000|100%| O|  |TAMS 0x0000000709600000, 0x0000000709400000| Untracked 
|  69|0x0000000709600000, 0x00000007096f0e00, 0x0000000709800000| 47%| O|  |TAMS 0x00000007096f0e00, 0x0000000709600000| Updating 
|  70|0x0000000709800000, 0x0000000709800000, 0x0000000709a00000|  0%| F|  |TAMS 0x0000000709800000, 0x0000000709800000| Untracked 
|  71|0x0000000709a00000, 0x0000000709a00000, 0x0000000709c00000|  0%| F|  |TAMS 0x0000000709a00000, 0x0000000709a00000| Untracked 
|  72|0x0000000709c00000, 0x0000000709c00000, 0x0000000709e00000|  0%| F|  |TAMS 0x0000000709c00000, 0x0000000709c00000| Untracked 
|  73|0x0000000709e00000, 0x0000000709e00000, 0x000000070a000000|  0%| F|  |TAMS 0x0000000709e00000, 0x0000000709e00000| Untracked 
|  74|0x000000070a000000, 0x000000070a000000, 0x000000070a200000|  0%| F|  |TAMS 0x000000070a000000, 0x000000070a000000| Untracked 
|  75|0x000000070a200000, 0x000000070a200000, 0x000000070a400000|  0%| F|  |TAMS 0x000000070a200000, 0x000000070a200000| Untracked 
|  76|0x000000070a400000, 0x000000070a400000, 0x000000070a600000|  0%| F|  |TAMS 0x000000070a400000, 0x000000070a400000| Untracked 
|  77|0x000000070a600000, 0x000000070a600000, 0x000000070a800000|  0%| F|  |TAMS 0x000000070a600000, 0x000000070a600000| Untracked 
|  78|0x000000070a800000, 0x000000070a800000, 0x000000070aa00000|  0%| F|  |TAMS 0x000000070a800000, 0x000000070a800000| Untracked 
|  79|0x000000070aa00000, 0x000000070aa00000, 0x000000070ac00000|  0%| F|  |TAMS 0x000000070aa00000, 0x000000070aa00000| Untracked 
|  80|0x000000070ac00000, 0x000000070ac00000, 0x000000070ae00000|  0%| F|  |TAMS 0x000000070ac00000, 0x000000070ac00000| Untracked 
|  81|0x000000070ae00000, 0x000000070ae00000, 0x000000070b000000|  0%| F|  |TAMS 0x000000070ae00000, 0x000000070ae00000| Untracked 
|  82|0x000000070b000000, 0x000000070b000000, 0x000000070b200000|  0%| F|  |TAMS 0x000000070b000000, 0x000000070b000000| Untracked 
|  83|0x000000070b200000, 0x000000070b200000, 0x000000070b400000|  0%| F|  |TAMS 0x000000070b200000, 0x000000070b200000| Untracked 
|  84|0x000000070b400000, 0x000000070b400000, 0x000000070b600000|  0%| F|  |TAMS 0x000000070b400000, 0x000000070b400000| Untracked 
|  85|0x000000070b600000, 0x000000070b600000, 0x000000070b800000|  0%| F|  |TAMS 0x000000070b600000, 0x000000070b600000| Untracked 
|  86|0x000000070b800000, 0x000000070b800000, 0x000000070ba00000|  0%| F|  |TAMS 0x000000070b800000, 0x000000070b800000| Untracked 
|  87|0x000000070ba00000, 0x000000070ba44658, 0x000000070bc00000| 13%| S|CS|TAMS 0x000000070ba00000, 0x000000070ba00000| Complete 
|  88|0x000000070bc00000, 0x000000070be00000, 0x000000070be00000|100%| S|CS|TAMS 0x000000070bc00000, 0x000000070bc00000| Complete 
|  89|0x000000070be00000, 0x000000070c000000, 0x000000070c000000|100%| S|CS|TAMS 0x000000070be00000, 0x000000070be00000| Complete 
|  90|0x000000070c000000, 0x000000070c200000, 0x000000070c200000|100%| S|CS|TAMS 0x000000070c000000, 0x000000070c000000| Complete 
|  91|0x000000070c200000, 0x000000070c200000, 0x000000070c400000|  0%| F|  |TAMS 0x000000070c200000, 0x000000070c200000| Untracked 
|  92|0x000000070c400000, 0x000000070c400000, 0x000000070c600000|  0%| F|  |TAMS 0x000000070c400000, 0x000000070c400000| Untracked 
|  93|0x000000070c600000, 0x000000070c600000, 0x000000070c800000|  0%| F|  |TAMS 0x000000070c600000, 0x000000070c600000| Untracked 
|  94|0x000000070c800000, 0x000000070c800000, 0x000000070ca00000|  0%| F|  |TAMS 0x000000070c800000, 0x000000070c800000| Untracked 
|  95|0x000000070ca00000, 0x000000070ca00000, 0x000000070cc00000|  0%| F|  |TAMS 0x000000070ca00000, 0x000000070ca00000| Untracked 
|  96|0x000000070cc00000, 0x000000070cc00000, 0x000000070ce00000|  0%| F|  |TAMS 0x000000070cc00000, 0x000000070cc00000| Untracked 
|  97|0x000000070ce00000, 0x000000070ce00000, 0x000000070d000000|  0%| F|  |TAMS 0x000000070ce00000, 0x000000070ce00000| Untracked 
|  98|0x000000070d000000, 0x000000070d000000, 0x000000070d200000|  0%| F|  |TAMS 0x000000070d000000, 0x000000070d000000| Untracked 
|  99|0x000000070d200000, 0x000000070d200000, 0x000000070d400000|  0%| F|  |TAMS 0x000000070d200000, 0x000000070d200000| Untracked 
| 100|0x000000070d400000, 0x000000070d400000, 0x000000070d600000|  0%| F|  |TAMS 0x000000070d400000, 0x000000070d400000| Untracked 
| 101|0x000000070d600000, 0x000000070d600000, 0x000000070d800000|  0%| F|  |TAMS 0x000000070d600000, 0x000000070d600000| Untracked 
| 102|0x000000070d800000, 0x000000070d800000, 0x000000070da00000|  0%| F|  |TAMS 0x000000070d800000, 0x000000070d800000| Untracked 
| 103|0x000000070da00000, 0x000000070da00000, 0x000000070dc00000|  0%| F|  |TAMS 0x000000070da00000, 0x000000070da00000| Untracked 
| 104|0x000000070dc00000, 0x000000070dc00000, 0x000000070de00000|  0%| F|  |TAMS 0x000000070dc00000, 0x000000070dc00000| Untracked 
| 105|0x000000070de00000, 0x000000070de00000, 0x000000070e000000|  0%| F|  |TAMS 0x000000070de00000, 0x000000070de00000| Untracked 
| 106|0x000000070e000000, 0x000000070e000000, 0x000000070e200000|  0%| F|  |TAMS 0x000000070e000000, 0x000000070e000000| Untracked 
| 107|0x000000070e200000, 0x000000070e200000, 0x000000070e400000|  0%| F|  |TAMS 0x000000070e200000, 0x000000070e200000| Untracked 
| 108|0x000000070e400000, 0x000000070e400000, 0x000000070e600000|  0%| F|  |TAMS 0x000000070e400000, 0x000000070e400000| Untracked 
| 109|0x000000070e600000, 0x000000070e600000, 0x000000070e800000|  0%| F|  |TAMS 0x000000070e600000, 0x000000070e600000| Untracked 
| 110|0x000000070e800000, 0x000000070e800000, 0x000000070ea00000|  0%| F|  |TAMS 0x000000070e800000, 0x000000070e800000| Untracked 
| 111|0x000000070ea00000, 0x000000070ea00000, 0x000000070ec00000|  0%| F|  |TAMS 0x000000070ea00000, 0x000000070ea00000| Untracked 
| 112|0x000000070ec00000, 0x000000070ec00000, 0x000000070ee00000|  0%| F|  |TAMS 0x000000070ec00000, 0x000000070ec00000| Untracked 
| 113|0x000000070ee00000, 0x000000070ee00000, 0x000000070f000000|  0%| F|  |TAMS 0x000000070ee00000, 0x000000070ee00000| Untracked 
| 114|0x000000070f000000, 0x000000070f000000, 0x000000070f200000|  0%| F|  |TAMS 0x000000070f000000, 0x000000070f000000| Untracked 
| 115|0x000000070f200000, 0x000000070f200000, 0x000000070f400000|  0%| F|  |TAMS 0x000000070f200000, 0x000000070f200000| Untracked 
| 116|0x000000070f400000, 0x000000070f400000, 0x000000070f600000|  0%| F|  |TAMS 0x000000070f400000, 0x000000070f400000| Untracked 
| 117|0x000000070f600000, 0x000000070f600000, 0x000000070f800000|  0%| F|  |TAMS 0x000000070f600000, 0x000000070f600000| Untracked 
| 118|0x000000070f800000, 0x000000070f800000, 0x000000070fa00000|  0%| F|  |TAMS 0x000000070f800000, 0x000000070f800000| Untracked 
| 119|0x000000070fa00000, 0x000000070fa00000, 0x000000070fc00000|  0%| F|  |TAMS 0x000000070fa00000, 0x000000070fa00000| Untracked 
| 120|0x000000070fc00000, 0x000000070fd6f178, 0x000000070fe00000| 71%| E|  |TAMS 0x000000070fc00000, 0x000000070fc00000| Complete 
| 127|0x0000000710a00000, 0x0000000710c00000, 0x0000000710c00000|100%| E|CS|TAMS 0x0000000710a00000, 0x0000000710a00000| Complete 

Card table byte_map: [0x000001c9530f0000,0x000001c9538f0000] _byte_map_base: 0x000001c94f8ea000

Marking Bits (Prev, Next): (CMBitMap*) 0x000001c93fbf8d10, (CMBitMap*) 0x000001c93fbf8cd0
 Prev Bits: [0x000001c9580c0000, 0x000001c95c090000)
 Next Bits: [0x000001c9540f0000, 0x000001c9580c0000)

Polling page: 0x000001c93f360000

Metaspace:

Usage:
  Non-class:     78.81 MB used.
      Class:      9.45 MB used.
       Both:     88.25 MB used.

Virtual space:
  Non-class space:      128.00 MB reserved,      78.94 MB ( 62%) committed,  2 nodes.
      Class space:        1.00 GB reserved,       9.62 MB ( <1%) committed,  1 nodes.
             Both:        1.12 GB reserved,      88.56 MB (  8%) committed. 

Chunk freelists:
   Non-Class:  960.00 KB
       Class:  6.35 MB
        Both:  7.29 MB

MaxMetaspaceSize: unlimited
CompressedClassSpaceSize: 1.00 GB
Initial GC threshold: 21.00 MB
Current GC threshold: 135.12 MB
CDS: off
MetaspaceReclaimPolicy: balanced
 - commit_granule_bytes: 65536.
 - commit_granule_words: 8192.
 - virtual_space_node_default_size: 8388608.
 - enlarge_chunks_in_place: 1.
 - new_chunks_are_fully_committed: 0.
 - uncommit_free_chunks: 1.
 - use_allocation_guard: 0.
 - handle_deallocations: 1.


Internal statistics:

num_allocs_failed_limit: 3.
num_arena_births: 338.
num_arena_deaths: 0.
num_vsnodes_births: 3.
num_vsnodes_deaths: 0.
num_space_committed: 1415.
num_space_uncommitted: 0.
num_chunks_returned_to_freelist: 3.
num_chunks_taken_from_freelist: 3275.
num_chunk_merges: 3.
num_chunk_splits: 2661.
num_chunks_enlarged: 2333.
num_inconsistent_stats: 0.

CodeHeap 'non-profiled nmethods': size=119168Kb used=8551Kb max_used=8551Kb free=110616Kb
 bounds [0x000001c94ac10000, 0x000001c94b490000, 0x000001c952070000]
CodeHeap 'profiled nmethods': size=119104Kb used=47776Kb max_used=47776Kb free=71327Kb
 bounds [0x000001c943070000, 0x000001c945f20000, 0x000001c94a4c0000]
CodeHeap 'non-nmethods': size=7488Kb used=3086Kb max_used=3138Kb free=4402Kb
 bounds [0x000001c94a4c0000, 0x000001c94a7e0000, 0x000001c94ac10000]
 total_blobs=16007 nmethods=15285 adapters=628
 compilation: enabled
              stopped_count=0, restarted_count=0
 full_count=0

Compilation events (20 events):
Event: 11.949 Thread 0x000001c95f31b440 nmethod 18873% 0x000001c94b21dc90 code [0x000001c94b21dfe0, 0x000001c94b21fbf8]
Event: 11.949 Thread 0x000001c95f31b440 18877       4       org.jetbrains.kotlin.com.intellij.lang.impl.PsiBuilderImpl::insertLeaves (88 bytes)
Event: 11.958 Thread 0x000001c95f483670 nmethod 18562 0x000001c94af86b90 code [0x000001c94af87120, 0x000001c94af8bb10]
Event: 11.958 Thread 0x000001c95f483670 18888       4       org.jetbrains.kotlin.com.intellij.lang.impl.TokenSequence$Builder::performLexing (149 bytes)
Event: 11.959 Thread 0x000001c95f83dc40 18889       3       org.jetbrains.kotlin.psi.KtContainerNodeForControlStructureBody::<init> (12 bytes)
Event: 11.959 Thread 0x000001c95f83dc40 nmethod 18889 0x000001c945f1b090 code [0x000001c945f1b320, 0x000001c945f1be88]
Event: 11.964 Thread 0x000001c95f9cd7b0 18890       3       java.lang.invoke.DelegatingMethodHandle::rebind (8 bytes)
Event: 11.964 Thread 0x000001c95f467a20 18891       3       java.lang.invoke.SimpleMethodHandle::speciesData (4 bytes)
Event: 11.964 Thread 0x000001c95f83dc40 18893       3       java.lang.invoke.BoundMethodHandle::bindSingle (7 bytes)
Event: 11.964 Thread 0x000001c95f327810 18892       3       java.lang.invoke.SimpleMethodHandle::copyWithExtendL (7 bytes)
Event: 11.964 Thread 0x000001c95f467a20 nmethod 18891 0x000001c945f1c290 code [0x000001c945f1c420, 0x000001c945f1c538]
Event: 11.964 Thread 0x000001c95f83dc40 nmethod 18893 0x000001c945f1c610 code [0x000001c945f1c7a0, 0x000001c945f1c8a8]
Event: 11.964 Thread 0x000001c95f9cd7b0 nmethod 18890 0x000001c945f1c990 code [0x000001c945f1cb40, 0x000001c945f1cdd8]
Event: 11.964 Thread 0x000001c95f327810 nmethod 18892 0x000001c945f1ce90 code [0x000001c945f1d040, 0x000001c945f1d1e8]
Event: 11.971 Thread 0x000001c95f9cd7b0 18894       3       org.jetbrains.kotlin.com.intellij.util.containers.RefHashMap::processQueue (30 bytes)
Event: 11.971 Thread 0x000001c95f327810 18895       1       org.jetbrains.kotlin.com.intellij.openapi.util.ObjectNode::getParent (5 bytes)
Event: 11.971 Thread 0x000001c95f327810 nmethod 18895 0x000001c94af86610 code [0x000001c94af867a0, 0x000001c94af86878]
Event: 11.971 Thread 0x000001c95f9cd7b0 nmethod 18894 0x000001c945f1d310 code [0x000001c945f1d500, 0x000001c945f1dc68]
Event: 11.998 Thread 0x000001c95f483670 nmethod 18888 0x000001c94b1ec690 code [0x000001c94b1eca40, 0x000001c94b1eeae8]
Event: 11.998 Thread 0x000001c95f483670 18886       4       org.jetbrains.kotlin.parsing.AbstractKotlinParsing::atSet (113 bytes)

GC Heap History (20 events):
Event: 6.305 GC heap before
{Heap before GC invocations=26 (full 0):
 garbage-first heap   total 194560K, used 153092K [0x0000000700c00000, 0x0000000800000000)
  region size 2048K, 29 young (59392K), 5 survivors (10240K)
 Metaspace       used 61019K, committed 61312K, reserved 1114112K
  class space    used 7074K, committed 7232K, reserved 1048576K
}
Event: 6.316 GC heap after
{Heap after GC invocations=27 (full 0):
 garbage-first heap   total 194560K, used 108461K [0x0000000700c00000, 0x0000000800000000)
  region size 2048K, 4 young (8192K), 4 survivors (8192K)
 Metaspace       used 61019K, committed 61312K, reserved 1114112K
  class space    used 7074K, committed 7232K, reserved 1048576K
}
Event: 7.256 GC heap before
{Heap before GC invocations=28 (full 0):
 garbage-first heap   total 194560K, used 151469K [0x0000000700c00000, 0x0000000800000000)
  region size 2048K, 26 young (53248K), 4 survivors (8192K)
 Metaspace       used 63326K, committed 63680K, reserved 1114112K
  class space    used 7196K, committed 7360K, reserved 1048576K
}
Event: 7.267 GC heap after
{Heap after GC invocations=29 (full 0):
 garbage-first heap   total 194560K, used 115183K [0x0000000700c00000, 0x0000000800000000)
  region size 2048K, 4 young (8192K), 4 survivors (8192K)
 Metaspace       used 63326K, committed 63680K, reserved 1114112K
  class space    used 7196K, committed 7360K, reserved 1048576K
}
Event: 7.325 GC heap before
{Heap before GC invocations=29 (full 0):
 garbage-first heap   total 194560K, used 117231K [0x0000000700c00000, 0x0000000800000000)
  region size 2048K, 5 young (10240K), 4 survivors (8192K)
 Metaspace       used 63463K, committed 63808K, reserved 1114112K
  class space    used 7196K, committed 7360K, reserved 1048576K
}
Event: 7.333 GC heap after
{Heap after GC invocations=30 (full 0):
 garbage-first heap   total 249856K, used 116037K [0x0000000700c00000, 0x0000000800000000)
  region size 2048K, 1 young (2048K), 1 survivors (2048K)
 Metaspace       used 63463K, committed 63808K, reserved 1114112K
  class space    used 7196K, committed 7360K, reserved 1048576K
}
Event: 8.793 GC heap before
{Heap before GC invocations=30 (full 0):
 garbage-first heap   total 249856K, used 193861K [0x0000000700c00000, 0x0000000800000000)
  region size 2048K, 39 young (79872K), 1 survivors (2048K)
 Metaspace       used 69632K, committed 69888K, reserved 1114112K
  class space    used 7742K, committed 7872K, reserved 1048576K
}
Event: 8.802 GC heap after
{Heap after GC invocations=31 (full 0):
 garbage-first heap   total 249856K, used 124025K [0x0000000700c00000, 0x0000000800000000)
  region size 2048K, 5 young (10240K), 5 survivors (10240K)
 Metaspace       used 69632K, committed 69888K, reserved 1114112K
  class space    used 7742K, committed 7872K, reserved 1048576K
}
Event: 9.900 GC heap before
{Heap before GC invocations=32 (full 0):
 garbage-first heap   total 249856K, used 195705K [0x0000000700c00000, 0x0000000800000000)
  region size 2048K, 40 young (81920K), 5 survivors (10240K)
 Metaspace       used 79252K, committed 79552K, reserved 1179648K
  class space    used 8605K, committed 8768K, reserved 1048576K
}
Event: 9.910 GC heap after
{Heap after GC invocations=33 (full 0):
 garbage-first heap   total 249856K, used 130350K [0x0000000700c00000, 0x0000000800000000)
  region size 2048K, 4 young (8192K), 4 survivors (8192K)
 Metaspace       used 79252K, committed 79552K, reserved 1179648K
  class space    used 8605K, committed 8768K, reserved 1048576K
}
Event: 9.963 GC heap before
{Heap before GC invocations=33 (full 0):
 garbage-first heap   total 249856K, used 134446K [0x0000000700c00000, 0x0000000800000000)
  region size 2048K, 6 young (12288K), 4 survivors (8192K)
 Metaspace       used 79542K, committed 79808K, reserved 1179648K
  class space    used 8633K, committed 8768K, reserved 1048576K
}
Event: 9.968 GC heap after
{Heap after GC invocations=34 (full 0):
 garbage-first heap   total 249856K, used 130802K [0x0000000700c00000, 0x0000000800000000)
  region size 2048K, 1 young (2048K), 1 survivors (2048K)
 Metaspace       used 79542K, committed 79808K, reserved 1179648K
  class space    used 8633K, committed 8768K, reserved 1048576K
}
Event: 10.548 GC heap before
{Heap before GC invocations=34 (full 0):
 garbage-first heap   total 249856K, used 198386K [0x0000000700c00000, 0x0000000800000000)
  region size 2048K, 34 young (69632K), 1 survivors (2048K)
 Metaspace       used 82611K, committed 82944K, reserved 1179648K
  class space    used 8846K, committed 9024K, reserved 1048576K
}
Event: 10.553 GC heap after
{Heap after GC invocations=35 (full 0):
 garbage-first heap   total 249856K, used 134316K [0x0000000700c00000, 0x0000000800000000)
  region size 2048K, 3 young (6144K), 3 survivors (6144K)
 Metaspace       used 82611K, committed 82944K, reserved 1179648K
  class space    used 8846K, committed 9024K, reserved 1048576K
}
Event: 11.458 GC heap before
{Heap before GC invocations=36 (full 0):
 garbage-first heap   total 249856K, used 201900K [0x0000000700c00000, 0x0000000800000000)
  region size 2048K, 35 young (71680K), 3 survivors (6144K)
 Metaspace       used 89427K, committed 89728K, reserved 1179648K
  class space    used 9586K, committed 9728K, reserved 1048576K
}
Event: 11.465 GC heap after
{Heap after GC invocations=37 (full 0):
 garbage-first heap   total 249856K, used 140684K [0x0000000700c00000, 0x0000000800000000)
  region size 2048K, 5 young (10240K), 5 survivors (10240K)
 Metaspace       used 89427K, committed 89728K, reserved 1179648K
  class space    used 9586K, committed 9728K, reserved 1048576K
}
Event: 11.477 GC heap before
{Heap before GC invocations=37 (full 0):
 garbage-first heap   total 249856K, used 140684K [0x0000000700c00000, 0x0000000800000000)
  region size 2048K, 6 young (12288K), 5 survivors (10240K)
 Metaspace       used 89438K, committed 89792K, reserved 1179648K
  class space    used 9586K, committed 9728K, reserved 1048576K
}
Event: 11.483 GC heap after
{Heap after GC invocations=38 (full 0):
 garbage-first heap   total 249856K, used 141935K [0x0000000700c00000, 0x0000000800000000)
  region size 2048K, 1 young (2048K), 1 survivors (2048K)
 Metaspace       used 89438K, committed 89792K, reserved 1179648K
  class space    used 9586K, committed 9728K, reserved 1048576K
}
Event: 11.936 GC heap before
{Heap before GC invocations=38 (full 0):
 garbage-first heap   total 249856K, used 203375K [0x0000000700c00000, 0x0000000800000000)
  region size 2048K, 31 young (63488K), 1 survivors (2048K)
 Metaspace       used 90299K, committed 90688K, reserved 1179648K
  class space    used 9662K, committed 9856K, reserved 1048576K
}
Event: 11.942 GC heap after
{Heap after GC invocations=39 (full 0):
 garbage-first heap   total 249856K, used 146645K [0x0000000700c00000, 0x0000000800000000)
  region size 2048K, 4 young (8192K), 4 survivors (8192K)
 Metaspace       used 90299K, committed 90688K, reserved 1179648K
  class space    used 9662K, committed 9856K, reserved 1048576K
}

Dll operation events (2 events):
Event: 0.005 Loaded shared library E:\Program files\Android\AndroidStudio\jbr\bin\java.dll
Event: 1.283 Loaded shared library E:\Program files\Android\AndroidStudio\jbr\bin\verify.dll

Deoptimization events (20 events):
Event: 11.904 Thread 0x000001c93fb87210 Uncommon trap: trap_request=0xffffffde fr.pc=0x000001c94af3d37c relative=0x000000000000815c
Event: 11.904 Thread 0x000001c93fb87210 Uncommon trap: reason=class_check action=maybe_recompile pc=0x000001c94af3d37c method=org.jetbrains.kotlin.parsing.AbstractKotlinParsing.atSet(Lorg/jetbrains/kotlin/com/intellij/psi/tree/TokenSet;)Z @ 88 c2
Event: 11.904 Thread 0x000001c93fb87210 DEOPT PACKING pc=0x000001c94af3d37c sp=0x000000a6491fad90
Event: 11.904 Thread 0x000001c93fb87210 DEOPT UNPACKING pc=0x000001c94a5169a3 sp=0x000000a6491fad90 mode 2
Event: 11.911 Thread 0x000001c93fb87210 Uncommon trap: trap_request=0xffffff45 fr.pc=0x000001c94adb3900 relative=0x0000000000000780
Event: 11.911 Thread 0x000001c93fb87210 Uncommon trap: reason=unstable_if action=reinterpret pc=0x000001c94adb3900 method=org.jetbrains.kotlin.parsing.SemanticWhitespaceAwarePsiBuilderImpl.getJoinedTokenType(Lorg/jetbrains/kotlin/com/intellij/psi/tree/IElementType;I)Lorg/jetbrains/kotlin/com/in
Event: 11.911 Thread 0x000001c93fb87210 DEOPT PACKING pc=0x000001c94adb3900 sp=0x000000a6491f8330
Event: 11.911 Thread 0x000001c93fb87210 DEOPT UNPACKING pc=0x000001c94a5169a3 sp=0x000000a6491f81f8 mode 2
Event: 11.931 Thread 0x000001c93fb87210 Uncommon trap: trap_request=0xffffffde fr.pc=0x000001c94af3d37c relative=0x000000000000815c
Event: 11.931 Thread 0x000001c93fb87210 Uncommon trap: reason=class_check action=maybe_recompile pc=0x000001c94af3d37c method=org.jetbrains.kotlin.parsing.AbstractKotlinParsing.atSet(Lorg/jetbrains/kotlin/com/intellij/psi/tree/TokenSet;)Z @ 88 c2
Event: 11.931 Thread 0x000001c93fb87210 DEOPT PACKING pc=0x000001c94af3d37c sp=0x000000a6491f5ff0
Event: 11.931 Thread 0x000001c93fb87210 DEOPT UNPACKING pc=0x000001c94a5169a3 sp=0x000000a6491f5fe0 mode 2
Event: 11.949 Thread 0x000001c93fb87210 Uncommon trap: trap_request=0xffffffde fr.pc=0x000001c94af3d37c relative=0x000000000000815c
Event: 11.949 Thread 0x000001c93fb87210 Uncommon trap: reason=class_check action=maybe_recompile pc=0x000001c94af3d37c method=org.jetbrains.kotlin.parsing.AbstractKotlinParsing.atSet(Lorg/jetbrains/kotlin/com/intellij/psi/tree/TokenSet;)Z @ 88 c2
Event: 11.949 Thread 0x000001c93fb87210 DEOPT PACKING pc=0x000001c94af3d37c sp=0x000000a6491f89d0
Event: 11.949 Thread 0x000001c93fb87210 DEOPT UNPACKING pc=0x000001c94a5169a3 sp=0x000000a6491f89c0 mode 2
Event: 11.950 Thread 0x000001c93fb87210 DEOPT PACKING pc=0x000001c945ee4fd6 sp=0x000000a6491fcba0
Event: 11.950 Thread 0x000001c93fb87210 DEOPT UNPACKING pc=0x000001c94a517143 sp=0x000000a6491fc090 mode 0
Event: 11.957 Thread 0x000001c93fb87210 DEOPT PACKING pc=0x000001c945ee4fd6 sp=0x000000a6491f9c90
Event: 11.957 Thread 0x000001c93fb87210 DEOPT UNPACKING pc=0x000001c94a517143 sp=0x000000a6491f9180 mode 0

Classes unloaded (0 events):
No events

Classes redefined (0 events):
No events

Internal exceptions (20 events):
Event: 5.788 Thread 0x000001c93fb87210 Exception <a 'java/lang/NoSuchMethodError'{0x000000070b928050}: 'int java.lang.invoke.DirectMethodHandle$Holder.invokeStaticInit(java.lang.Object, int)'> (0x000000070b928050) 
thrown [s\src\hotspot\share\interpreter\linkResolver.cpp, line 771]
Event: 5.869 Thread 0x000001c93fb87210 Implicit null exception at 0x000001c94ac416ba to 0x000001c94ac41a88
Event: 5.872 Thread 0x000001c93fb87210 Implicit null exception at 0x000001c94afa800b to 0x000001c94afa8220
Event: 5.873 Thread 0x000001c93fb87210 Implicit null exception at 0x000001c94ac5bf14 to 0x000001c94ac5c12c
Event: 6.352 Thread 0x000001c93fb87210 Exception <a 'java/lang/NoSuchMethodError'{0x000000070c779b98}: 'java.lang.Object java.lang.invoke.DirectMethodHandle$Holder.invokeStatic(java.lang.Object, int, java.lang.Object, java.lang.Object)'> (0x000000070c779b98) 
thrown [s\src\hotspot\share\interpreter\linkResolver.cpp, line 771]
Event: 6.352 Thread 0x000001c93fb87210 Exception <a 'java/lang/NoSuchMethodError'{0x000000070c781df0}: 'java.lang.Object java.lang.invoke.DirectMethodHandle$Holder.newInvokeSpecial(java.lang.Object, int, java.lang.Object)'> (0x000000070c781df0) 
thrown [s\src\hotspot\share\interpreter\linkResolver.cpp, line 771]
Event: 6.353 Thread 0x000001c93fb87210 Exception <a 'java/lang/NoSuchMethodError'{0x000000070c7881a8}: 'int java.lang.invoke.DirectMethodHandle$Holder.invokeInterface(java.lang.Object, java.lang.Object)'> (0x000000070c7881a8) 
thrown [s\src\hotspot\share\interpreter\linkResolver.cpp, line 771]
Event: 6.446 Thread 0x000001c93fb87210 Implicit null exception at 0x000001c94ad2da95 to 0x000001c94ad2db84
Event: 6.446 Thread 0x000001c93fb87210 Implicit null exception at 0x000001c94ac76f58 to 0x000001c94ac76fee
Event: 6.520 Thread 0x000001c93fb87210 Exception <a 'java/lang/NoSuchMethodError'{0x000000070bbc3b88}: 'java.lang.Object java.lang.invoke.DirectMethodHandle$Holder.invokeStatic(java.lang.Object, int, java.lang.Object)'> (0x000000070bbc3b88) 
thrown [s\src\hotspot\share\interpreter\linkResolver.cpp, line 771]
Event: 7.001 Thread 0x000001c93fb87210 Implicit null exception at 0x000001c94ae6b283 to 0x000001c94ae6bfcc
Event: 7.222 Thread 0x000001c93fb87210 Exception <a 'java/lang/NoSuchMethodError'{0x0000000709e66358}: 'java.lang.Object java.lang.invoke.DirectMethodHandle$Holder.newInvokeSpecial(java.lang.Object, java.lang.Object, java.lang.Object, java.lang.Object, java.lang.Object, java.lang.Object, java.lang.Object)'> (0x0000000709e66358) 
thrown [s\src\hotspot\share\interpreter\linkResolver.cpp, line 771]
Event: 7.222 Thread 0x000001c93fb87210 Exception <a 'java/lang/NoSuchMethodError'{0x0000000709e6b460}: 'java.lang.Object java.lang.invoke.Invokers$Holder.linkToTargetMethod(java.lang.Object, java.lang.Object, java.lang.Object, java.lang.Object, java.lang.Object, java.lang.Object, java.lang.Object)'> (0x0000000709e6b460) 
thrown [s\src\hotspot\share\interpreter\linkResolver.cpp, line 771]
Event: 8.027 Thread 0x000001c93fb87210 Exception <a 'java/lang/NoSuchMethodError'{0x000000070db36320}: 'java.lang.Object java.lang.invoke.DirectMethodHandle$Holder.invokeInterface(java.lang.Object, java.lang.Object, java.lang.Object)'> (0x000000070db36320) 
thrown [s\src\hotspot\share\interpreter\linkResolver.cpp, line 771]
Event: 8.028 Thread 0x000001c93fb87210 Exception <a 'java/lang/IncompatibleClassChangeError'{0x000000070db3a1e0}: Found class java.lang.Object, but interface was expected> (0x000000070db3a1e0) 
thrown [s\src\hotspot\share\interpreter\linkResolver.cpp, line 838]
Event: 10.751 Thread 0x000001c93fb87210 Implicit null exception at 0x000001c94ac7ad19 to 0x000001c94ac7af98
Event: 11.264 Thread 0x000001c93fb87210 Exception <a 'java/lang/NoSuchMethodError'{0x000000070d48e830}: 'void java.lang.invoke.DirectMethodHandle$Holder.invokeInterface(java.lang.Object, java.lang.Object, java.lang.Object)'> (0x000000070d48e830) 
thrown [s\src\hotspot\share\interpreter\linkResolver.cpp, line 771]
Event: 11.272 Thread 0x000001c93fb87210 Exception <a 'sun/nio/fs/WindowsException'{0x000000070d54bf38}> (0x000000070d54bf38) 
thrown [s\src\hotspot\share\prims\jni.cpp, line 517]
Event: 11.272 Thread 0x000001c93fb87210 Exception <a 'sun/nio/fs/WindowsException'{0x000000070d54c2a8}> (0x000000070d54c2a8) 
thrown [s\src\hotspot\share\prims\jni.cpp, line 517]
Event: 11.332 Thread 0x000001c93fb87210 Implicit null exception at 0x000001c94b362b15 to 0x000001c94b363534

VM Operations (20 events):
Event: 11.458 Executing VM operation: G1CollectForAllocation
Event: 11.465 Executing VM operation: G1CollectForAllocation done
Event: 11.477 Executing VM operation: G1CollectForAllocation
Event: 11.483 Executing VM operation: G1CollectForAllocation done
Event: 11.502 Executing VM operation: HandshakeAllThreads
Event: 11.502 Executing VM operation: HandshakeAllThreads done
Event: 11.505 Executing VM operation: HandshakeAllThreads
Event: 11.505 Executing VM operation: HandshakeAllThreads done
Event: 11.515 Executing VM operation: HandshakeAllThreads
Event: 11.515 Executing VM operation: HandshakeAllThreads done
Event: 11.551 Executing VM operation: HandshakeAllThreads
Event: 11.551 Executing VM operation: HandshakeAllThreads done
Event: 11.823 Executing VM operation: HandshakeAllThreads
Event: 11.823 Executing VM operation: HandshakeAllThreads done
Event: 11.829 Executing VM operation: ICBufferFull
Event: 11.829 Executing VM operation: ICBufferFull done
Event: 11.936 Executing VM operation: G1CollectForAllocation
Event: 11.942 Executing VM operation: G1CollectForAllocation done
Event: 11.970 Executing VM operation: HandshakeAllThreads
Event: 11.970 Executing VM operation: HandshakeAllThreads done

Events (20 events):
Event: 11.473 Thread 0x000001c95f327e10 flushing nmethod 0x000001c945d57510
Event: 11.474 Thread 0x000001c95f327e10 flushing nmethod 0x000001c945dd1010
Event: 11.556 loading class java/io/FileOutputStream$1
Event: 11.556 loading class java/io/FileOutputStream$1 done
Event: 11.819 loading class java/util/EnumMap$Values
Event: 11.819 loading class java/util/EnumMap$Values done
Event: 11.819 loading class java/util/EnumMap$ValueIterator
Event: 11.819 loading class java/util/EnumMap$EnumMapIterator
Event: 11.819 loading class java/util/EnumMap$EnumMapIterator done
Event: 11.819 loading class java/util/EnumMap$ValueIterator done
Event: 11.820 loading class java/util/Comparators$NullComparator
Event: 11.820 loading class java/util/Comparators$NullComparator done
Event: 11.973 loading class java/util/IdentityHashMap$KeyIterator
Event: 11.973 loading class java/util/IdentityHashMap$IdentityHashMapIterator
Event: 11.973 loading class java/util/IdentityHashMap$IdentityHashMapIterator done
Event: 11.973 loading class java/util/IdentityHashMap$KeyIterator done
Event: 11.973 Thread 0x000001c93fb87210 Thread exited: 0x000001c93fb87210
Event: 11.973 Thread 0x000001c966fddd60 Thread added: 0x000001c966fddd60
Event: 11.973 Thread 0x000001c966fdc080 Thread added: 0x000001c966fdc080
Event: 11.973 Thread 0x000001c966fdc080 Thread exited: 0x000001c966fdc080


Dynamic libraries:
0x00007ff625e90000 - 0x00007ff625e9a000 	E:\Program files\Android\AndroidStudio\jbr\bin\java.exe
0x00007ffac91f0000 - 0x00007ffac93e5000 	C:\WINDOWS\SYSTEM32\ntdll.dll
0x00007ffac8820000 - 0x00007ffac88de000 	C:\WINDOWS\System32\KERNEL32.DLL
0x00007ffac6dd0000 - 0x00007ffac7098000 	C:\WINDOWS\System32\KERNELBASE.dll
0x00007ffac6a60000 - 0x00007ffac6b60000 	C:\WINDOWS\System32\ucrtbase.dll
0x00007ffaa7f70000 - 0x00007ffaa7f87000 	E:\Program files\Android\AndroidStudio\jbr\bin\jli.dll
0x00007ffaae450000 - 0x00007ffaae46b000 	E:\Program files\Android\AndroidStudio\jbr\bin\VCRUNTIME140.dll
0x00007ffac8d70000 - 0x00007ffac8f11000 	C:\WINDOWS\System32\USER32.dll
0x00007ffac6900000 - 0x00007ffac6922000 	C:\WINDOWS\System32\win32u.dll
0x00007ffabca30000 - 0x00007ffabccca000 	C:\WINDOWS\WinSxS\amd64_microsoft.windows.common-controls_6595b64144ccf1df_6.0.19041.1110_none_60b5254171f9507e\COMCTL32.dll
0x00007ffac8b40000 - 0x00007ffac8b6b000 	C:\WINDOWS\System32\GDI32.dll
0x00007ffac8fe0000 - 0x00007ffac907e000 	C:\WINDOWS\System32\msvcrt.dll
0x00007ffac6b60000 - 0x00007ffac6c6d000 	C:\WINDOWS\System32\gdi32full.dll
0x00007ffac69c0000 - 0x00007ffac6a5d000 	C:\WINDOWS\System32\msvcp_win.dll
0x00007ffac8740000 - 0x00007ffac8770000 	C:\WINDOWS\System32\IMM32.DLL
0x00007ffaacfc0000 - 0x00007ffaacfcc000 	E:\Program files\Android\AndroidStudio\jbr\bin\vcruntime140_1.dll
0x00007ffa9c8e0000 - 0x00007ffa9c96d000 	E:\Program files\Android\AndroidStudio\jbr\bin\msvcp140.dll
0x00007ffa70330000 - 0x00007ffa70fb0000 	E:\Program files\Android\AndroidStudio\jbr\bin\server\jvm.dll
0x00007ffac8a10000 - 0x00007ffac8abc000 	C:\WINDOWS\System32\ADVAPI32.dll
0x00007ffac8f40000 - 0x00007ffac8fdb000 	C:\WINDOWS\System32\sechost.dll
0x00007ffac9080000 - 0x00007ffac91aa000 	C:\WINDOWS\System32\RPCRT4.dll
0x00007ffabea00000 - 0x00007ffabea27000 	C:\WINDOWS\SYSTEM32\WINMM.dll
0x00007ffac27e0000 - 0x00007ffac27e9000 	C:\WINDOWS\SYSTEM32\WSOCK32.dll
0x00007ffac8b70000 - 0x00007ffac8bdb000 	C:\WINDOWS\System32\WS2_32.dll
0x00007ffac0680000 - 0x00007ffac068a000 	C:\WINDOWS\SYSTEM32\VERSION.dll
0x00007ffac4810000 - 0x00007ffac4822000 	C:\WINDOWS\SYSTEM32\kernel.appcore.dll
0x00007ffaadf50000 - 0x00007ffaadf5a000 	E:\Program files\Android\AndroidStudio\jbr\bin\jimage.dll
0x00007ffab3880000 - 0x00007ffab3a64000 	C:\WINDOWS\SYSTEM32\DBGHELP.DLL
0x00007ffab36f0000 - 0x00007ffab371c000 	C:\WINDOWS\SYSTEM32\dbgcore.DLL
0x00007ffac6930000 - 0x00007ffac69b2000 	C:\WINDOWS\System32\bcryptPrimitives.dll
0x00007ffaab6f0000 - 0x00007ffaab715000 	E:\Program files\Android\AndroidStudio\jbr\bin\java.dll
0x00007ffaac030000 - 0x00007ffaac048000 	E:\Program files\Android\AndroidStudio\jbr\bin\zip.dll
0x00007ffac79d0000 - 0x00007ffac8114000 	C:\WINDOWS\System32\SHELL32.dll
0x00007ffac4a10000 - 0x00007ffac51a4000 	C:\WINDOWS\SYSTEM32\windows.storage.dll
0x00007ffac7600000 - 0x00007ffac7955000 	C:\WINDOWS\System32\combase.dll
0x00007ffac6350000 - 0x00007ffac637e000 	C:\WINDOWS\SYSTEM32\Wldp.dll
0x00007ffac8770000 - 0x00007ffac881d000 	C:\WINDOWS\System32\SHCORE.dll
0x00007ffac8be0000 - 0x00007ffac8c35000 	C:\WINDOWS\System32\shlwapi.dll
0x00007ffac6840000 - 0x00007ffac685f000 	C:\WINDOWS\SYSTEM32\profapi.dll
0x00007ffaa9220000 - 0x00007ffaa9239000 	E:\Program files\Android\AndroidStudio\jbr\bin\net.dll
0x00007ffac0950000 - 0x00007ffac0a5c000 	C:\WINDOWS\SYSTEM32\WINHTTP.dll
0x00007ffac60b0000 - 0x00007ffac611a000 	C:\WINDOWS\system32\mswsock.dll
0x00007ffaa9120000 - 0x00007ffaa9136000 	E:\Program files\Android\AndroidStudio\jbr\bin\nio.dll
0x00007ffaade60000 - 0x00007ffaade70000 	E:\Program files\Android\AndroidStudio\jbr\bin\verify.dll

dbghelp: loaded successfully - version: 4.0.5 - missing functions: none
symbol engine: initialized successfully - sym options: 0x614 - pdb path: .;E:\Program files\Android\AndroidStudio\jbr\bin;C:\WINDOWS\SYSTEM32;C:\WINDOWS\WinSxS\amd64_microsoft.windows.common-controls_6595b64144ccf1df_6.0.19041.1110_none_60b5254171f9507e;E:\Program files\Android\AndroidStudio\jbr\bin\server

VM Arguments:
java_command: org.jetbrains.kotlin.cli.jvm.K2JVMCompiler @D:\Coding\1- Projects\RutesCompartides\RutesCompartides\app\build\20240328_13098671349431242730.compiler.options
java_class_path (initial): C:\Users\david\.gradle\caches\modules-2\files-2.1\org.jetbrains.kotlin\kotlin-compiler-embeddable\1.9.0\2c8c3a7402becca891f12739b3e9fd2dc2adbd7a\kotlin-compiler-embeddable-1.9.0.jar;C:\Users\david\.gradle\caches\modules-2\files-2.1\org.jetbrains.kotlin\kotlin-stdlib\1.9.0\8ee15ef0c67dc83d874f412d84378d7f0eb50b63\kotlin-stdlib-1.9.0.jar;C:\Users\david\.gradle\caches\modules-2\files-2.1\org.jetbrains.kotlin\kotlin-script-runtime\1.9.0\4b3102cbbb7e1b58d9d1adf89563f00069ffa7d1\kotlin-script-runtime-1.9.0.jar;C:\Users\david\.gradle\caches\modules-2\files-2.1\org.jetbrains.kotlin\kotlin-reflect\1.6.10\1cbe9c92c12a94eea200d23c2bbaedaf3daf5132\kotlin-reflect-1.6.10.jar;C:\Users\david\.gradle\caches\modules-2\files-2.1\org.jetbrains.kotlin\kotlin-daemon-embeddable\1.9.0\186543f5e28cf8d9a0290fecc2cf34301c40a65c\kotlin-daemon-embeddable-1.9.0.jar;C:\Users\david\.gradle\caches\modules-2\files-2.1\org.jetbrains.intellij.deps\trove4j\1.0.20200330\3afb14d5f9ceb459d724e907a21145e8ff394f02\trove4j-1.0.20200330.jar;C:\Users\david\.gradle\caches\modules-2\files-2.1\org.jetbrains.kotlin\kotlin-stdlib-common\1.9.0\cd65c21cfd1eec4d44ef09f9f52b6d9f8a720636\kotlin-stdlib-common-1.9.0.jar;C:\Users\david\.gradle\caches\modules-2\files-2.1\org.jetbrains\annotations\13.0\919f0dfe192fb4e063e7dacadee7f8bb9a2672a9\annotations-13.0.jar
Launcher Type: SUN_STANDARD

[Global flags]
     intx CICompilerCount                          = 12                                        {product} {ergonomic}
     uint ConcGCThreads                            = 3                                         {product} {ergonomic}
     uint G1ConcRefinementThreads                  = 13                                        {product} {ergonomic}
   size_t G1HeapRegionSize                         = 2097152                                   {product} {ergonomic}
    uintx GCDrainStackTargetSize                   = 64                                        {product} {ergonomic}
   size_t InitialHeapSize                          = 268435456                                 {product} {ergonomic}
   size_t MarkStackSize                            = 4194304                                   {product} {ergonomic}
   size_t MaxHeapSize                              = 4282384384                                {product} {ergonomic}
   size_t MaxNewSize                               = 2569011200                                {product} {ergonomic}
   size_t MinHeapDeltaBytes                        = 2097152                                   {product} {ergonomic}
   size_t MinHeapSize                              = 8388608                                   {product} {ergonomic}
    uintx NonNMethodCodeHeapSize                   = 7602480                                {pd product} {ergonomic}
    uintx NonProfiledCodeHeapSize                  = 122027880                              {pd product} {ergonomic}
    uintx ProfiledCodeHeapSize                     = 122027880                              {pd product} {ergonomic}
    uintx ReservedCodeCacheSize                    = 251658240                              {pd product} {ergonomic}
     bool SegmentedCodeCache                       = true                                      {product} {ergonomic}
   size_t SoftMaxHeapSize                          = 4282384384                             {manageable} {ergonomic}
     bool UseCompressedClassPointers               = true                           {product lp64_product} {ergonomic}
     bool UseCompressedOops                        = true                           {product lp64_product} {ergonomic}
     bool UseG1GC                                  = true                                      {product} {ergonomic}
     bool UseLargePagesIndividualAllocation        = false                                  {pd product} {ergonomic}

Logging:
Log output configuration:
 #0: stdout all=warning uptime,level,tags
 #1: stderr all=off uptime,level,tags

Environment Variables:
PATH=C:\Program Files (x86)\Common Files\Oracle\Java\javapath;C:\Program Files\Python38\Scripts\;C:\Program Files\Python38\;C:\Windows\system32;C:\Windows;C:\Windows\System32\Wbem;C:\Windows\System32\WindowsPowerShell\v1.0\;C:\Windows\System32\OpenSSH\;C:\Program Files (x86)\NVIDIA Corporation\PhysX\Common;C:\WINDOWS\system32;C:\WINDOWS;C:\WINDOWS\System32\Wbem;C:\WINDOWS\System32\WindowsPowerShell\v1.0\;C:\WINDOWS\System32\OpenSSH\;E:\Program files\Git\cmd;E:\Program Files\PuTTY\;E:\Program Files (x86)\Bitvise SSH Client;C:\Users\david\AppData\Local\Microsoft\WindowsApps;C:\Users\david\AppData\Local\Programs\Python;C:\Users\david\AppData\Local\Programs\Python\Python311\Scripts;D:\Coding\PyCharm Edu 2022.2.2\bin;C:\Program Files\JetBrains\IntelliJ IDEA Community Edition 2023.2.3\bin;E:\Users\david\AppData\Local\Programs\Microsoft VS Code\bin;C:\Users\david\AppData\Local\JetBrains\Toolbox\scripts;;C:\Users\david\AppData\Local\Programs\oh-my-posh\bin;C:\Users\david\AppData\Local\Microsoft\WindowsApps
USERNAME=david
OS=Windows_NT
PROCESSOR_IDENTIFIER=AMD64 Family 23 Model 113 Stepping 0, AuthenticAMD
TMP=C:\Users\david\AppData\Local\Temp
TEMP=C:\Users\david\AppData\Local\Temp


JNI global refs:
JNI global refs: 19, weak refs: 29

JNI global refs memory usage: 843, weak refs: 841

OOME stack traces (most recent first):
Classloader memory used:
Loader jdk.internal.loader.ClassLoaders$AppClassLoader                                 : 9590K
Loader bootstrap                                                                       : 1543K
Loader java.net.URLClassLoader                                                         : 108K
Loader jdk.internal.reflect.DelegatingClassLoader                                      : 30744B
Loader jdk.internal.loader.ClassLoaders$PlatformClassLoader                            : 24696B


---------------  S Y S T E M  ---------------

OS:
 Windows 10 , 64 bit Build 19041 (10.0.19041.1348)
OS uptime: 26 days 20:42 hours

CPU: total 16 (initial active 16) (16 cores per cpu, 2 threads per core) family 23 model 113 stepping 0 microcode 0x0, cx8, cmov, fxsr, ht, mmx, 3dnowpref, sse, sse2, sse3, ssse3, sse4a, sse4.1, sse4.2, popcnt, lzcnt, tsc, tscinvbit, avx, avx2, aes, clmul, bmi1, bmi2, adx, sha, fma, vzeroupper, clflush, clflushopt

Memory: 4k page, system-wide physical 16334M (476M free)
TotalPageFile size 30563M (AvailPageFile size 8M)
current process WorkingSet (physical memory assigned to process): 509M, peak: 516M
current process commit charge ("private bytes"): 553M, peak: 562M

vm_info: OpenJDK 64-Bit Server VM (17.0.7+0-b2043.56-10550314) for windows-amd64 JRE (17.0.7+0-b2043.56-10550314), built on Jul 24 2023 18:27:45 by "androidbuild" with MS VC++ 16.10 / 16.11 (VS2019)

END.
